{"D:\\Web Projects\\BriteCore\\payment-data-table\\payment-data-table\\.eslintrc.js": {"path":"D:\\Web Projects\\BriteCore\\payment-data-table\\payment-data-table\\.eslintrc.js","statementMap":{"0":{"start":{"line":1,"column":0},"end":{"line":null,"column":-1}}},"fnMap":{},"branchMap":{"0":{"loc":{"start":{"line":11,"column":58},"end":{"line":11,"column":18}},"type":"cond-expr","locations":[{"start":{"line":11,"column":58},"end":{"line":11,"column":18}},{"start":{"line":11,"column":68},"end":{"line":10,"column":9}}]},"1":{"loc":{"start":{"line":12,"column":59},"end":{"line":12,"column":19}},"type":"cond-expr","locations":[{"start":{"line":12,"column":59},"end":{"line":12,"column":19}},{"start":{"line":12,"column":69},"end":{"line":null,"column":-1}}]}},"s":{"0":0},"f":{},"b":{"0":[0,0],"1":[0,0]}}
,"D:\\Web Projects\\BriteCore\\payment-data-table\\payment-data-table\\babel.config.js": {"path":"D:\\Web Projects\\BriteCore\\payment-data-table\\payment-data-table\\babel.config.js","statementMap":{"0":{"start":{"line":1,"column":0},"end":{"line":null,"column":-1}}},"fnMap":{},"branchMap":{},"s":{"0":0},"f":{},"b":{}}
,"D:\\Web Projects\\BriteCore\\payment-data-table\\payment-data-table\\jest.config.js": {"path":"D:\\Web Projects\\BriteCore\\payment-data-table\\payment-data-table\\jest.config.js","statementMap":{"0":{"start":{"line":1,"column":0},"end":{"line":null,"column":-1}}},"fnMap":{},"branchMap":{},"s":{"0":0},"f":{},"b":{}}
,"D:\\Web Projects\\BriteCore\\payment-data-table\\payment-data-table\\postcss.config.js": {"path":"D:\\Web Projects\\BriteCore\\payment-data-table\\payment-data-table\\postcss.config.js","statementMap":{"0":{"start":{"line":1,"column":0},"end":{"line":null,"column":-1}}},"fnMap":{},"branchMap":{},"s":{"0":0},"f":{},"b":{}}
,"D:\\Web Projects\\BriteCore\\payment-data-table\\payment-data-table\\src\\App.vue": {"path":"D:\\Web Projects\\BriteCore\\payment-data-table\\payment-data-table\\src\\App.vue","statementMap":{"0":{"start":{"line":13,"column":0},"end":{"line":null,"column":-1}},"1":{"start":{"line":14,"column":0},"end":{"line":null,"column":-1}}},"fnMap":{},"branchMap":{},"s":{"0":0,"1":0},"f":{},"b":{}}
,"D:\\Web Projects\\BriteCore\\payment-data-table\\payment-data-table\\src\\main.js": {"path":"D:\\Web Projects\\BriteCore\\payment-data-table\\payment-data-table\\src\\main.js","statementMap":{"0":{"start":{"line":1,"column":0},"end":{"line":null,"column":-1}},"1":{"start":{"line":2,"column":0},"end":{"line":null,"column":-1}},"2":{"start":{"line":3,"column":0},"end":{"line":null,"column":-1}},"3":{"start":{"line":4,"column":0},"end":{"line":null,"column":-1}},"4":{"start":{"line":5,"column":0},"end":{"line":null,"column":-1}},"5":{"start":{"line":6,"column":0},"end":{"line":null,"column":-1}},"6":{"start":{"line":14,"column":15},"end":{"line":14,"column":0}},"7":{"start":{"line":19,"column":0},"end":{"line":null,"column":-1}},"8":{"start":{"line":20,"column":11},"end":{"line":null,"column":-1}}},"fnMap":{"0":{"name":"render","decl":{"start":{"line":20,"column":10},"end":{"line":20,"column":9}},"loc":{"start":{"line":20,"column":11},"end":{"line":19,"column":8}}}},"branchMap":{},"s":{"0":0,"1":0,"2":0,"3":0,"4":0,"5":0,"6":0,"7":0,"8":0},"f":{"0":0},"b":{}}
,"D:\\Web Projects\\BriteCore\\payment-data-table\\payment-data-table\\src\\routes.js": {"path":"D:\\Web Projects\\BriteCore\\payment-data-table\\payment-data-table\\src\\routes.js","statementMap":{"0":{"start":{"line":1,"column":0},"end":{"line":null,"column":-1}},"1":{"start":{"line":2,"column":0},"end":{"line":null,"column":-1}}},"fnMap":{},"branchMap":{},"s":{"0":0,"1":0},"f":{},"b":{}}
,"D:\\Web Projects\\BriteCore\\payment-data-table\\payment-data-table\\src\\components\\filter.vue": {"path":"D:\\Web Projects\\BriteCore\\payment-data-table\\payment-data-table\\src\\components\\filter.vue","statementMap":{"0":{"start":{"line":19,"column":0},"end":{"line":null,"column":-1}},"1":{"start":{"line":22,"column":0},"end":{"line":null,"column":-1}}},"fnMap":{"0":{"name":"get","decl":{"start":{"line":18,"column":0},"end":{"line":null,"column":-1}},"loc":{"start":{"line":18,"column":0},"end":{"line":20,"column":0}}},"1":{"name":"set","decl":{"start":{"line":21,"column":0},"end":{"line":null,"column":-1}},"loc":{"start":{"line":21,"column":0},"end":{"line":23,"column":0}}}},"branchMap":{},"s":{"0":0,"1":0},"f":{"0":0,"1":0},"b":{}}
,"D:\\Web Projects\\BriteCore\\payment-data-table\\payment-data-table\\src\\components\\popup.vue": {"path":"D:\\Web Projects\\BriteCore\\payment-data-table\\payment-data-table\\src\\components\\popup.vue","statementMap":{"0":{"start":{"line":28,"column":0},"end":{"line":null,"column":-1}},"1":{"start":{"line":33,"column":0},"end":{"line":null,"column":-1}},"2":{"start":{"line":34,"column":0},"end":{"line":null,"column":-1}},"3":{"start":{"line":37,"column":0},"end":{"line":null,"column":-1}},"4":{"start":{"line":38,"column":0},"end":{"line":null,"column":-1}},"5":{"start":{"line":39,"column":0},"end":{"line":null,"column":-1}},"6":{"start":{"line":42,"column":0},"end":{"line":null,"column":-1}},"7":{"start":{"line":43,"column":0},"end":{"line":null,"column":-1}},"8":{"start":{"line":44,"column":0},"end":{"line":null,"column":-1}},"9":{"start":{"line":45,"column":0},"end":{"line":null,"column":-1}},"10":{"start":{"line":46,"column":0},"end":{"line":null,"column":-1}},"11":{"start":{"line":49,"column":0},"end":{"line":null,"column":-1}},"12":{"start":{"line":50,"column":0},"end":{"line":null,"column":-1}}},"fnMap":{"0":{"name":"EditData","decl":{"start":{"line":27,"column":0},"end":{"line":null,"column":-1}},"loc":{"start":{"line":27,"column":0},"end":{"line":29,"column":0}}},"1":{"name":"confirmForm","decl":{"start":{"line":32,"column":0},"end":{"line":null,"column":-1}},"loc":{"start":{"line":32,"column":0},"end":{"line":35,"column":0}}},"2":{"name":"closeForm","decl":{"start":{"line":36,"column":0},"end":{"line":null,"column":-1}},"loc":{"start":{"line":36,"column":0},"end":{"line":40,"column":0}}},"3":{"name":"submitForm","decl":{"start":{"line":41,"column":0},"end":{"line":null,"column":-1}},"loc":{"start":{"line":41,"column":0},"end":{"line":47,"column":0}}},"4":{"name":"hideVerify","decl":{"start":{"line":48,"column":0},"end":{"line":null,"column":-1}},"loc":{"start":{"line":48,"column":0},"end":{"line":51,"column":0}}}},"branchMap":{},"s":{"0":0,"1":0,"2":0,"3":0,"4":0,"5":0,"6":0,"7":0,"8":0,"9":0,"10":0,"11":0,"12":0},"f":{"0":0,"1":0,"2":0,"3":0,"4":0},"b":{}}
,"D:\\Web Projects\\BriteCore\\payment-data-table\\payment-data-table\\src\\components\\search.vue": {"path":"D:\\Web Projects\\BriteCore\\payment-data-table\\payment-data-table\\src\\components\\search.vue","statementMap":{"0":{"start":{"line":15,"column":0},"end":{"line":null,"column":-1}},"1":{"start":{"line":18,"column":0},"end":{"line":null,"column":-1}}},"fnMap":{"0":{"name":"get","decl":{"start":{"line":14,"column":0},"end":{"line":null,"column":-1}},"loc":{"start":{"line":14,"column":0},"end":{"line":16,"column":0}}},"1":{"name":"set","decl":{"start":{"line":17,"column":0},"end":{"line":null,"column":-1}},"loc":{"start":{"line":17,"column":0},"end":{"line":19,"column":0}}}},"branchMap":{},"s":{"0":0,"1":0},"f":{"0":0,"1":0},"b":{}}
,"D:\\Web Projects\\BriteCore\\payment-data-table\\payment-data-table\\src\\components\\sort.vue": {"path":"D:\\Web Projects\\BriteCore\\payment-data-table\\payment-data-table\\src\\components\\sort.vue","statementMap":{"0":{"start":{"line":19,"column":0},"end":{"line":null,"column":-1}},"1":{"start":{"line":22,"column":0},"end":{"line":null,"column":-1}},"2":{"start":{"line":26,"column":0},"end":{"line":null,"column":-1}},"3":{"start":{"line":30,"column":0},"end":{"line":null,"column":-1}}},"fnMap":{"0":{"name":"get","decl":{"start":{"line":18,"column":0},"end":{"line":null,"column":-1}},"loc":{"start":{"line":18,"column":0},"end":{"line":20,"column":0}}},"1":{"name":"set","decl":{"start":{"line":21,"column":0},"end":{"line":null,"column":-1}},"loc":{"start":{"line":21,"column":0},"end":{"line":23,"column":0}}},"2":{"name":"sortOptions","decl":{"start":{"line":25,"column":0},"end":{"line":null,"column":-1}},"loc":{"start":{"line":25,"column":0},"end":{"line":27,"column":0}}},"3":{"name":"mounted","decl":{"start":{"line":29,"column":0},"end":{"line":null,"column":-1}},"loc":{"start":{"line":29,"column":0},"end":{"line":31,"column":0}}}},"branchMap":{},"s":{"0":0,"1":0,"2":0,"3":0},"f":{"0":0,"1":0,"2":0,"3":0},"b":{}}
,"D:\\Web Projects\\BriteCore\\payment-data-table\\payment-data-table\\src\\components\\table.vue": {"path":"D:\\Web Projects\\BriteCore\\payment-data-table\\payment-data-table\\src\\components\\table.vue","statementMap":{"0":{"start":{"line":44,"column":0},"end":{"line":null,"column":-1}},"1":{"start":{"line":45,"column":0},"end":{"line":null,"column":-1}},"2":{"start":{"line":62,"column":0},"end":{"line":null,"column":-1}},"3":{"start":{"line":65,"column":0},"end":{"line":null,"column":-1}},"4":{"start":{"line":68,"column":0},"end":{"line":null,"column":-1}},"5":{"start":{"line":73,"column":0},"end":{"line":null,"column":-1}},"6":{"start":{"line":74,"column":0},"end":{"line":null,"column":-1}},"7":{"start":{"line":75,"column":0},"end":{"line":null,"column":-1}},"8":{"start":{"line":76,"column":0},"end":{"line":116,"column":0}},"9":{"start":{"line":77,"column":0},"end":{"line":null,"column":-1}},"10":{"start":{"line":78,"column":0},"end":{"line":null,"column":-1}},"11":{"start":{"line":79,"column":0},"end":{"line":null,"column":-1}},"12":{"start":{"line":80,"column":0},"end":{"line":116,"column":0}},"13":{"start":{"line":81,"column":0},"end":{"line":null,"column":-1}},"14":{"start":{"line":82,"column":0},"end":{"line":null,"column":-1}},"15":{"start":{"line":83,"column":0},"end":{"line":null,"column":-1}},"16":{"start":{"line":84,"column":0},"end":{"line":116,"column":0}},"17":{"start":{"line":85,"column":0},"end":{"line":null,"column":-1}},"18":{"start":{"line":86,"column":0},"end":{"line":null,"column":-1}},"19":{"start":{"line":87,"column":0},"end":{"line":null,"column":-1}},"20":{"start":{"line":88,"column":0},"end":{"line":116,"column":0}},"21":{"start":{"line":89,"column":0},"end":{"line":null,"column":-1}},"22":{"start":{"line":90,"column":0},"end":{"line":null,"column":-1}},"23":{"start":{"line":91,"column":0},"end":{"line":null,"column":-1}},"24":{"start":{"line":92,"column":0},"end":{"line":116,"column":0}},"25":{"start":{"line":93,"column":0},"end":{"line":null,"column":-1}},"26":{"start":{"line":94,"column":0},"end":{"line":null,"column":-1}},"27":{"start":{"line":95,"column":0},"end":{"line":null,"column":-1}},"28":{"start":{"line":96,"column":0},"end":{"line":116,"column":0}},"29":{"start":{"line":97,"column":0},"end":{"line":null,"column":-1}},"30":{"start":{"line":98,"column":0},"end":{"line":null,"column":-1}},"31":{"start":{"line":99,"column":0},"end":{"line":null,"column":-1}},"32":{"start":{"line":100,"column":0},"end":{"line":116,"column":0}},"33":{"start":{"line":101,"column":0},"end":{"line":null,"column":-1}},"34":{"start":{"line":102,"column":0},"end":{"line":null,"column":-1}},"35":{"start":{"line":103,"column":0},"end":{"line":null,"column":-1}},"36":{"start":{"line":104,"column":0},"end":{"line":116,"column":0}},"37":{"start":{"line":105,"column":0},"end":{"line":null,"column":-1}},"38":{"start":{"line":106,"column":0},"end":{"line":null,"column":-1}},"39":{"start":{"line":107,"column":0},"end":{"line":null,"column":-1}},"40":{"start":{"line":108,"column":0},"end":{"line":116,"column":0}},"41":{"start":{"line":109,"column":0},"end":{"line":null,"column":-1}},"42":{"start":{"line":110,"column":0},"end":{"line":null,"column":-1}},"43":{"start":{"line":111,"column":0},"end":{"line":null,"column":-1}},"44":{"start":{"line":112,"column":0},"end":{"line":116,"column":0}},"45":{"start":{"line":113,"column":0},"end":{"line":null,"column":-1}},"46":{"start":{"line":114,"column":0},"end":{"line":null,"column":-1}},"47":{"start":{"line":115,"column":0},"end":{"line":null,"column":-1}},"48":{"start":{"line":119,"column":0},"end":{"line":null,"column":-1}},"49":{"start":{"line":122,"column":0},"end":{"line":null,"column":-1}},"50":{"start":{"line":123,"column":0},"end":{"line":null,"column":-1}},"51":{"start":{"line":127,"column":0},"end":{"line":null,"column":-1}}},"fnMap":{"0":{"name":"sorted","decl":{"start":{"line":61,"column":0},"end":{"line":null,"column":-1}},"loc":{"start":{"line":61,"column":0},"end":{"line":63,"column":0}}},"1":{"name":"PaymentsData","decl":{"start":{"line":64,"column":0},"end":{"line":null,"column":-1}},"loc":{"start":{"line":64,"column":0},"end":{"line":66,"column":0}}},"2":{"name":"HeaderData","decl":{"start":{"line":67,"column":0},"end":{"line":null,"column":-1}},"loc":{"start":{"line":67,"column":0},"end":{"line":69,"column":0}}},"3":{"name":"updateSorted","decl":{"start":{"line":72,"column":0},"end":{"line":null,"column":-1}},"loc":{"start":{"line":72,"column":0},"end":{"line":117,"column":0}}},"4":{"name":"updateSearch","decl":{"start":{"line":118,"column":0},"end":{"line":null,"column":-1}},"loc":{"start":{"line":118,"column":0},"end":{"line":120,"column":0}}},"5":{"name":"getData","decl":{"start":{"line":121,"column":0},"end":{"line":null,"column":-1}},"loc":{"start":{"line":121,"column":0},"end":{"line":124,"column":0}}},"6":{"name":"created","decl":{"start":{"line":126,"column":0},"end":{"line":null,"column":-1}},"loc":{"start":{"line":126,"column":0},"end":{"line":128,"column":0}}}},"branchMap":{"0":{"loc":{"start":{"line":76,"column":0},"end":{"line":116,"column":0}},"type":"if","locations":[{"start":{"line":76,"column":0},"end":{"line":116,"column":0}},{"start":{"line":76,"column":0},"end":{"line":116,"column":0}}]},"1":{"loc":{"start":{"line":76,"column":0},"end":{"line":null,"column":-1}},"type":"binary-expr","locations":[{"start":{"line":76,"column":0},"end":{"line":null,"column":-1}},{"start":{"line":76,"column":0},"end":{"line":null,"column":-1}}]},"2":{"loc":{"start":{"line":80,"column":0},"end":{"line":116,"column":0}},"type":"if","locations":[{"start":{"line":80,"column":0},"end":{"line":116,"column":0}},{"start":{"line":80,"column":0},"end":{"line":116,"column":0}}]},"3":{"loc":{"start":{"line":84,"column":0},"end":{"line":116,"column":0}},"type":"if","locations":[{"start":{"line":84,"column":0},"end":{"line":116,"column":0}},{"start":{"line":84,"column":0},"end":{"line":116,"column":0}}]},"4":{"loc":{"start":{"line":84,"column":0},"end":{"line":null,"column":-1}},"type":"binary-expr","locations":[{"start":{"line":84,"column":0},"end":{"line":null,"column":-1}},{"start":{"line":84,"column":0},"end":{"line":null,"column":-1}}]},"5":{"loc":{"start":{"line":88,"column":0},"end":{"line":116,"column":0}},"type":"if","locations":[{"start":{"line":88,"column":0},"end":{"line":116,"column":0}},{"start":{"line":88,"column":0},"end":{"line":116,"column":0}}]},"6":{"loc":{"start":{"line":92,"column":0},"end":{"line":116,"column":0}},"type":"if","locations":[{"start":{"line":92,"column":0},"end":{"line":116,"column":0}},{"start":{"line":92,"column":0},"end":{"line":116,"column":0}}]},"7":{"loc":{"start":{"line":92,"column":0},"end":{"line":null,"column":-1}},"type":"binary-expr","locations":[{"start":{"line":92,"column":0},"end":{"line":null,"column":-1}},{"start":{"line":92,"column":0},"end":{"line":null,"column":-1}}]},"8":{"loc":{"start":{"line":96,"column":0},"end":{"line":116,"column":0}},"type":"if","locations":[{"start":{"line":96,"column":0},"end":{"line":116,"column":0}},{"start":{"line":96,"column":0},"end":{"line":116,"column":0}}]},"9":{"loc":{"start":{"line":100,"column":0},"end":{"line":116,"column":0}},"type":"if","locations":[{"start":{"line":100,"column":0},"end":{"line":116,"column":0}},{"start":{"line":100,"column":0},"end":{"line":116,"column":0}}]},"10":{"loc":{"start":{"line":100,"column":0},"end":{"line":null,"column":-1}},"type":"binary-expr","locations":[{"start":{"line":100,"column":0},"end":{"line":null,"column":-1}},{"start":{"line":100,"column":0},"end":{"line":null,"column":-1}}]},"11":{"loc":{"start":{"line":104,"column":0},"end":{"line":116,"column":0}},"type":"if","locations":[{"start":{"line":104,"column":0},"end":{"line":116,"column":0}},{"start":{"line":104,"column":0},"end":{"line":116,"column":0}}]},"12":{"loc":{"start":{"line":108,"column":0},"end":{"line":116,"column":0}},"type":"if","locations":[{"start":{"line":108,"column":0},"end":{"line":116,"column":0}},{"start":{"line":108,"column":0},"end":{"line":116,"column":0}}]},"13":{"loc":{"start":{"line":108,"column":0},"end":{"line":null,"column":-1}},"type":"binary-expr","locations":[{"start":{"line":108,"column":0},"end":{"line":null,"column":-1}},{"start":{"line":108,"column":0},"end":{"line":null,"column":-1}}]},"14":{"loc":{"start":{"line":112,"column":0},"end":{"line":116,"column":0}},"type":"if","locations":[{"start":{"line":112,"column":0},"end":{"line":116,"column":0}},{"start":{"line":112,"column":0},"end":{"line":116,"column":0}}]}},"s":{"0":2,"1":2,"2":0,"3":0,"4":0,"5":0,"6":0,"7":0,"8":0,"9":0,"10":0,"11":0,"12":0,"13":0,"14":0,"15":0,"16":0,"17":0,"18":0,"19":0,"20":0,"21":0,"22":0,"23":0,"24":0,"25":0,"26":0,"27":0,"28":0,"29":0,"30":0,"31":0,"32":0,"33":0,"34":0,"35":0,"36":0,"37":0,"38":0,"39":0,"40":0,"41":0,"42":0,"43":0,"44":0,"45":0,"46":0,"47":0,"48":0,"49":0,"50":0,"51":0},"f":{"0":0,"1":0,"2":0,"3":0,"4":0,"5":0,"6":0},"b":{"0":[0,0],"1":[0,0],"2":[0,0],"3":[0,0],"4":[0,0],"5":[0,0],"6":[0,0],"7":[0,0],"8":[0,0],"9":[0,0],"10":[0,0],"11":[0,0],"12":[0,0],"13":[0,0],"14":[0,0]}}
,"D:\\Web Projects\\BriteCore\\payment-data-table\\payment-data-table\\src\\plugins\\axios.js": {"path":"D:\\Web Projects\\BriteCore\\payment-data-table\\payment-data-table\\src\\plugins\\axios.js","statementMap":{"0":{"start":{"line":3,"column":0},"end":{"line":null,"column":-1}},"1":{"start":{"line":4,"column":0},"end":{"line":null,"column":-1}},"2":{"start":{"line":11,"column":13},"end":{"line":11,"column":0}},"3":{"start":{"line":17,"column":15},"end":{"line":17,"column":0}},"4":{"start":{"line":22,"column":4},"end":{"line":null,"column":-1}},"5":{"start":{"line":26,"column":4},"end":{"line":null,"column":-1}},"6":{"start":{"line":31,"column":0},"end":{"line":null,"column":-1}},"7":{"start":{"line":34,"column":4},"end":{"line":null,"column":-1}},"8":{"start":{"line":38,"column":4},"end":{"line":null,"column":-1}},"9":{"start":{"line":42,"column":0},"end":{"line":null,"column":-1}},"10":{"start":{"line":43,"column":2},"end":{"line":null,"column":-1}},"11":{"start":{"line":44,"column":2},"end":{"line":null,"column":-1}},"12":{"start":{"line":45,"column":2},"end":{"line":null,"column":-1}},"13":{"start":{"line":48,"column":8},"end":{"line":null,"column":-1}},"14":{"start":{"line":53,"column":8},"end":{"line":null,"column":-1}},"15":{"start":{"line":59,"column":0},"end":{"line":null,"column":-1}}},"fnMap":{"0":{"name":"(anonymous_1)","decl":{"start":{"line":20,"column":2},"end":{"line":20,"column":10}},"loc":{"start":{"line":20,"column":19},"end":{"line":19,"column":0}}},"1":{"name":"(anonymous_2)","decl":{"start":{"line":24,"column":2},"end":{"line":24,"column":10}},"loc":{"start":{"line":24,"column":18},"end":{"line":19,"column":0}}},"2":{"name":"(anonymous_3)","decl":{"start":{"line":32,"column":2},"end":{"line":32,"column":10}},"loc":{"start":{"line":32,"column":21},"end":{"line":31,"column":0}}},"3":{"name":"(anonymous_4)","decl":{"start":{"line":36,"column":2},"end":{"line":36,"column":10}},"loc":{"start":{"line":36,"column":18},"end":{"line":31,"column":0}}},"4":{"name":"(anonymous_5)","decl":{"start":{"line":42,"column":17},"end":{"line":42,"column":25}},"loc":{"start":{"line":42,"column":40},"end":{"line":42,"column":0}}},"5":{"name":"get","decl":{"start":{"line":46,"column":11},"end":{"line":47,"column":11}},"loc":{"start":{"line":47,"column":12},"end":{"line":49,"column":7}}},"6":{"name":"get","decl":{"start":{"line":51,"column":12},"end":{"line":52,"column":11}},"loc":{"start":{"line":52,"column":12},"end":{"line":54,"column":7}}}},"branchMap":{},"s":{"0":0,"1":0,"2":0,"3":0,"4":0,"5":0,"6":0,"7":0,"8":0,"9":0,"10":0,"11":0,"12":0,"13":0,"14":0,"15":0},"f":{"0":0,"1":0,"2":0,"3":0,"4":0,"5":0,"6":0},"b":{}}
,"D:\\Web Projects\\BriteCore\\payment-data-table\\payment-data-table\\src\\plugins\\vuetify.js": {"path":"D:\\Web Projects\\BriteCore\\payment-data-table\\payment-data-table\\src\\plugins\\vuetify.js","statementMap":{"0":{"start":{"line":1,"column":0},"end":{"line":null,"column":-1}},"1":{"start":{"line":2,"column":0},"end":{"line":null,"column":-1}},"2":{"start":{"line":3,"column":0},"end":{"line":null,"column":-1}},"3":{"start":{"line":5,"column":0},"end":{"line":null,"column":-1}}},"fnMap":{},"branchMap":{},"s":{"0":0,"1":0,"2":0,"3":0},"f":{},"b":{}}
,"D:\\Web Projects\\BriteCore\\payment-data-table\\payment-data-table\\src\\store\\actions.js": {"path":"D:\\Web Projects\\BriteCore\\payment-data-table\\payment-data-table\\src\\store\\actions.js","statementMap":{"0":{"start":{"line":1,"column":0},"end":{"line":null,"column":-1}},"1":{"start":{"line":5,"column":4},"end":{"line":null,"column":-1}},"2":{"start":{"line":8,"column":8},"end":{"line":null,"column":-1}},"3":{"start":{"line":10,"column":16},"end":{"line":null,"column":-1}}},"fnMap":{"0":{"name":"loadPaymentsData","decl":{"start":{"line":3,"column":15},"end":{"line":4,"column":18}},"loc":{"start":{"line":4,"column":28},"end":{"line":11,"column":3}}},"1":{"name":"(anonymous_2)","decl":{"start":{"line":7,"column":12},"end":{"line":7,"column":11}},"loc":{"start":{"line":7,"column":24},"end":{"line":5,"column":4}}},"2":{"name":"(anonymous_3)","decl":{"start":{"line":10,"column":13},"end":{"line":10,"column":12}},"loc":{"start":{"line":10,"column":16},"end":{"line":5,"column":4}}}},"branchMap":{},"s":{"0":0,"1":0,"2":0,"3":0},"f":{"0":0,"1":0,"2":0},"b":{}}
,"D:\\Web Projects\\BriteCore\\payment-data-table\\payment-data-table\\src\\store\\getters.js": {"path":"D:\\Web Projects\\BriteCore\\payment-data-table\\payment-data-table\\src\\store\\getters.js","statementMap":{"0":{"start":{"line":3,"column":15},"end":{"line":3,"column":4}},"1":{"start":{"line":4,"column":24},"end":{"line":4,"column":4}},"2":{"start":{"line":5,"column":4},"end":{"line":15,"column":5}},"3":{"start":{"line":6,"column":20},"end":{"line":6,"column":6}},"4":{"start":{"line":12,"column":17},"end":{"line":12,"column":6}},"5":{"start":{"line":13,"column":6},"end":{"line":null,"column":-1}},"6":{"start":{"line":14,"column":6},"end":{"line":null,"column":-1}},"7":{"start":{"line":16,"column":4},"end":{"line":41,"column":5}},"8":{"start":{"line":17,"column":6},"end":{"line":null,"column":-1}},"9":{"start":{"line":18,"column":20},"end":{"line":18,"column":8}},"10":{"start":{"line":19,"column":8},"end":{"line":null,"column":-1}},"11":{"start":{"line":21,"column":11},"end":{"line":41,"column":5}},"12":{"start":{"line":22,"column":6},"end":{"line":null,"column":-1}},"13":{"start":{"line":23,"column":20},"end":{"line":23,"column":8}},"14":{"start":{"line":24,"column":8},"end":{"line":null,"column":-1}},"15":{"start":{"line":26,"column":11},"end":{"line":41,"column":5}},"16":{"start":{"line":27,"column":6},"end":{"line":null,"column":-1}},"17":{"start":{"line":28,"column":20},"end":{"line":28,"column":8}},"18":{"start":{"line":29,"column":8},"end":{"line":null,"column":-1}},"19":{"start":{"line":31,"column":11},"end":{"line":41,"column":5}},"20":{"start":{"line":32,"column":6},"end":{"line":null,"column":-1}},"21":{"start":{"line":33,"column":20},"end":{"line":33,"column":8}},"22":{"start":{"line":34,"column":8},"end":{"line":null,"column":-1}},"23":{"start":{"line":36,"column":11},"end":{"line":41,"column":5}},"24":{"start":{"line":37,"column":6},"end":{"line":null,"column":-1}},"25":{"start":{"line":38,"column":20},"end":{"line":38,"column":8}},"26":{"start":{"line":39,"column":8},"end":{"line":null,"column":-1}},"27":{"start":{"line":44,"column":17},"end":{"line":44,"column":4}},"28":{"start":{"line":45,"column":6},"end":{"line":null,"column":-1}},"29":{"start":{"line":47,"column":19},"end":{"line":47,"column":4}},"30":{"start":{"line":48,"column":21},"end":{"line":48,"column":4}},"31":{"start":{"line":49,"column":4},"end":{"line":null,"column":-1}},"32":{"start":{"line":52,"column":17},"end":{"line":52,"column":4}},"33":{"start":{"line":53,"column":6},"end":{"line":null,"column":-1}},"34":{"start":{"line":55,"column":19},"end":{"line":55,"column":4}},"35":{"start":{"line":56,"column":21},"end":{"line":56,"column":4}},"36":{"start":{"line":57,"column":4},"end":{"line":null,"column":-1}},"37":{"start":{"line":60,"column":17},"end":{"line":60,"column":4}},"38":{"start":{"line":60,"column":43},"end":{"line":null,"column":-1}},"39":{"start":{"line":61,"column":19},"end":{"line":61,"column":4}},"40":{"start":{"line":62,"column":21},"end":{"line":62,"column":4}},"41":{"start":{"line":63,"column":4},"end":{"line":null,"column":-1}},"42":{"start":{"line":66,"column":17},"end":{"line":66,"column":4}},"43":{"start":{"line":66,"column":43},"end":{"line":null,"column":-1}},"44":{"start":{"line":67,"column":20},"end":{"line":67,"column":4}},"45":{"start":{"line":68,"column":22},"end":{"line":68,"column":4}},"46":{"start":{"line":69,"column":4},"end":{"line":null,"column":-1}},"47":{"start":{"line":72,"column":23},"end":{"line":72,"column":4}},"48":{"start":{"line":73,"column":16},"end":{"line":73,"column":4}},"49":{"start":{"line":74,"column":6},"end":{"line":null,"column":-1}},"50":{"start":{"line":77,"column":4},"end":{"line":null,"column":-1}}},"fnMap":{"0":{"name":"searchedData","decl":{"start":{"line":2,"column":16},"end":{"line":2,"column":15}},"loc":{"start":{"line":2,"column":25},"end":{"line":1,"column":15}}},"1":{"name":"(anonymous_1)","decl":{"start":{"line":17,"column":34},"end":{"line":17,"column":33}},"loc":{"start":{"line":17,"column":42},"end":{"line":17,"column":13}}},"2":{"name":"(anonymous_2)","decl":{"start":{"line":22,"column":34},"end":{"line":22,"column":33}},"loc":{"start":{"line":22,"column":42},"end":{"line":22,"column":13}}},"3":{"name":"(anonymous_3)","decl":{"start":{"line":27,"column":34},"end":{"line":27,"column":33}},"loc":{"start":{"line":27,"column":42},"end":{"line":27,"column":13}}},"4":{"name":"(anonymous_4)","decl":{"start":{"line":32,"column":34},"end":{"line":32,"column":33}},"loc":{"start":{"line":32,"column":42},"end":{"line":32,"column":13}}},"5":{"name":"(anonymous_5)","decl":{"start":{"line":37,"column":34},"end":{"line":37,"column":33}},"loc":{"start":{"line":37,"column":42},"end":{"line":37,"column":13}}},"6":{"name":"oldestData","decl":{"start":{"line":43,"column":14},"end":{"line":43,"column":14}},"loc":{"start":{"line":43,"column":34},"end":{"line":1,"column":15}}},"7":{"name":"(anonymous_7)","decl":{"start":{"line":45,"column":6},"end":{"line":45,"column":6}},"loc":{"start":{"line":45,"column":6},"end":{"line":44,"column":17}}},"8":{"name":"newestData","decl":{"start":{"line":51,"column":14},"end":{"line":51,"column":14}},"loc":{"start":{"line":51,"column":34},"end":{"line":1,"column":15}}},"9":{"name":"(anonymous_9)","decl":{"start":{"line":53,"column":6},"end":{"line":53,"column":6}},"loc":{"start":{"line":53,"column":6},"end":{"line":52,"column":17}}},"10":{"name":"lowestData","decl":{"start":{"line":59,"column":14},"end":{"line":59,"column":14}},"loc":{"start":{"line":59,"column":34},"end":{"line":1,"column":15}}},"11":{"name":"(anonymous_11)","decl":{"start":{"line":60,"column":43},"end":{"line":60,"column":43}},"loc":{"start":{"line":60,"column":43},"end":{"line":60,"column":17}}},"12":{"name":"highestData","decl":{"start":{"line":65,"column":15},"end":{"line":65,"column":15}},"loc":{"start":{"line":65,"column":35},"end":{"line":1,"column":15}}},"13":{"name":"(anonymous_13)","decl":{"start":{"line":66,"column":43},"end":{"line":66,"column":43}},"loc":{"start":{"line":66,"column":43},"end":{"line":66,"column":17}}},"14":{"name":"totalData","decl":{"start":{"line":71,"column":13},"end":{"line":71,"column":13}},"loc":{"start":{"line":71,"column":33},"end":{"line":78,"column":3}}},"15":{"name":"(anonymous_15)","decl":{"start":{"line":74,"column":6},"end":{"line":74,"column":6}},"loc":{"start":{"line":74,"column":6},"end":{"line":73,"column":16}}}},"branchMap":{"0":{"loc":{"start":{"line":16,"column":4},"end":{"line":41,"column":5}},"type":"if","locations":[{"start":{"line":16,"column":4},"end":{"line":41,"column":5}},{"start":{"line":16,"column":4},"end":{"line":41,"column":5}}]},"1":{"loc":{"start":{"line":19,"column":15},"end":{"line":19,"column":40}},"type":"binary-expr","locations":[{"start":{"line":19,"column":15},"end":{"line":19,"column":40}},{"start":{"line":19,"column":41},"end":{"line":19,"column":8}}]},"2":{"loc":{"start":{"line":21,"column":11},"end":{"line":41,"column":5}},"type":"if","locations":[{"start":{"line":21,"column":11},"end":{"line":41,"column":5}},{"start":{"line":21,"column":11},"end":{"line":41,"column":5}}]},"3":{"loc":{"start":{"line":26,"column":11},"end":{"line":41,"column":5}},"type":"if","locations":[{"start":{"line":26,"column":11},"end":{"line":41,"column":5}},{"start":{"line":26,"column":11},"end":{"line":41,"column":5}}]},"4":{"loc":{"start":{"line":31,"column":11},"end":{"line":41,"column":5}},"type":"if","locations":[{"start":{"line":31,"column":11},"end":{"line":41,"column":5}},{"start":{"line":31,"column":11},"end":{"line":41,"column":5}}]},"5":{"loc":{"start":{"line":36,"column":11},"end":{"line":41,"column":5}},"type":"if","locations":[{"start":{"line":36,"column":11},"end":{"line":41,"column":5}},{"start":{"line":36,"column":11},"end":{"line":41,"column":5}}]}},"s":{"0":0,"1":0,"2":0,"3":0,"4":0,"5":0,"6":0,"7":0,"8":0,"9":0,"10":0,"11":0,"12":0,"13":0,"14":0,"15":0,"16":0,"17":0,"18":0,"19":0,"20":0,"21":0,"22":0,"23":0,"24":0,"25":0,"26":0,"27":0,"28":0,"29":0,"30":0,"31":0,"32":0,"33":0,"34":0,"35":0,"36":0,"37":0,"38":0,"39":0,"40":0,"41":0,"42":0,"43":0,"44":0,"45":0,"46":0,"47":0,"48":0,"49":0,"50":0},"f":{"0":0,"1":0,"2":0,"3":0,"4":0,"5":0,"6":0,"7":0,"8":0,"9":0,"10":0,"11":0,"12":0,"13":0,"14":0,"15":0},"b":{"0":[0,0],"1":[0,0],"2":[0,0],"3":[0,0],"4":[0,0],"5":[0,0]}}
,"D:\\Web Projects\\BriteCore\\payment-data-table\\payment-data-table\\src\\store\\mutations.js": {"path":"D:\\Web Projects\\BriteCore\\payment-data-table\\payment-data-table\\src\\store\\mutations.js","statementMap":{"0":{"start":{"line":5,"column":4},"end":{"line":5,"column":26}},"1":{"start":{"line":8,"column":4},"end":{"line":8,"column":48}},"2":{"start":{"line":9,"column":26},"end":{"line":9,"column":43}},"3":{"start":{"line":11,"column":15},"end":{"line":11,"column":33}},"4":{"start":{"line":12,"column":4},"end":{"line":18,"column":5}},"5":{"start":{"line":13,"column":15},"end":{"line":13,"column":25}},"6":{"start":{"line":14,"column":6},"end":{"line":17,"column":7}},"7":{"start":{"line":15,"column":8},"end":{"line":15,"column":45}},"8":{"start":{"line":16,"column":8},"end":{"line":16,"column":16}},"9":{"start":{"line":19,"column":16},"end":{"line":19,"column":69}},"10":{"start":{"line":20,"column":4},"end":{"line":20,"column":35}},"11":{"start":{"line":24,"column":15},"end":{"line":24,"column":17}},"12":{"start":{"line":25,"column":17},"end":{"line":25,"column":49}},"13":{"start":{"line":26,"column":4},"end":{"line":28,"column":5}},"14":{"start":{"line":27,"column":6},"end":{"line":27,"column":33}},"15":{"start":{"line":29,"column":4},"end":{"line":34,"column":5}},"16":{"start":{"line":30,"column":20},"end":{"line":30,"column":53}},"17":{"start":{"line":31,"column":6},"end":{"line":33,"column":7}},"18":{"start":{"line":32,"column":8},"end":{"line":32,"column":40}},"19":{"start":{"line":35,"column":4},"end":{"line":41,"column":5}},"20":{"start":{"line":36,"column":6},"end":{"line":40,"column":7}},"21":{"start":{"line":37,"column":8},"end":{"line":37,"column":63}},"22":{"start":{"line":39,"column":8},"end":{"line":39,"column":54}},"23":{"start":{"line":45,"column":4},"end":{"line":45,"column":26}},"24":{"start":{"line":49,"column":4},"end":{"line":49,"column":30}},"25":{"start":{"line":53,"column":4},"end":{"line":53,"column":25}},"26":{"start":{"line":54,"column":4},"end":{"line":96,"column":5}},"27":{"start":{"line":55,"column":6},"end":{"line":57,"column":8}},"28":{"start":{"line":56,"column":19},"end":{"line":56,"column":39}},"29":{"start":{"line":58,"column":11},"end":{"line":96,"column":5}},"30":{"start":{"line":59,"column":6},"end":{"line":61,"column":8}},"31":{"start":{"line":60,"column":19},"end":{"line":60,"column":39}},"32":{"start":{"line":62,"column":11},"end":{"line":96,"column":5}},"33":{"start":{"line":63,"column":6},"end":{"line":65,"column":8}},"34":{"start":{"line":64,"column":19},"end":{"line":64,"column":71}},"35":{"start":{"line":66,"column":11},"end":{"line":96,"column":5}},"36":{"start":{"line":67,"column":6},"end":{"line":69,"column":8}},"37":{"start":{"line":68,"column":19},"end":{"line":68,"column":71}},"38":{"start":{"line":70,"column":11},"end":{"line":96,"column":5}},"39":{"start":{"line":71,"column":6},"end":{"line":74,"column":8}},"40":{"start":{"line":73,"column":10},"end":{"line":73,"column":76}},"41":{"start":{"line":75,"column":11},"end":{"line":96,"column":5}},"42":{"start":{"line":76,"column":6},"end":{"line":79,"column":8}},"43":{"start":{"line":78,"column":10},"end":{"line":78,"column":76}},"44":{"start":{"line":80,"column":11},"end":{"line":96,"column":5}},"45":{"start":{"line":81,"column":6},"end":{"line":83,"column":8}},"46":{"start":{"line":82,"column":18},"end":{"line":82,"column":53}},"47":{"start":{"line":84,"column":11},"end":{"line":96,"column":5}},"48":{"start":{"line":85,"column":6},"end":{"line":87,"column":8}},"49":{"start":{"line":86,"column":18},"end":{"line":86,"column":53}},"50":{"start":{"line":88,"column":11},"end":{"line":96,"column":5}},"51":{"start":{"line":89,"column":6},"end":{"line":91,"column":8}},"52":{"start":{"line":90,"column":18},"end":{"line":90,"column":37}},"53":{"start":{"line":92,"column":11},"end":{"line":96,"column":5}},"54":{"start":{"line":93,"column":6},"end":{"line":95,"column":8}},"55":{"start":{"line":94,"column":18},"end":{"line":94,"column":37}}},"fnMap":{"0":{"name":"(anonymous_0)","decl":{"start":{"line":56,"column":8},"end":{"line":56,"column":9}},"loc":{"start":{"line":56,"column":19},"end":{"line":56,"column":39}},"line":56},"1":{"name":"(anonymous_1)","decl":{"start":{"line":60,"column":8},"end":{"line":60,"column":9}},"loc":{"start":{"line":60,"column":19},"end":{"line":60,"column":39}},"line":60},"2":{"name":"(anonymous_2)","decl":{"start":{"line":64,"column":8},"end":{"line":64,"column":9}},"loc":{"start":{"line":64,"column":19},"end":{"line":64,"column":71}},"line":64},"3":{"name":"(anonymous_3)","decl":{"start":{"line":68,"column":8},"end":{"line":68,"column":9}},"loc":{"start":{"line":68,"column":19},"end":{"line":68,"column":71}},"line":68},"4":{"name":"(anonymous_4)","decl":{"start":{"line":72,"column":8},"end":{"line":72,"column":9}},"loc":{"start":{"line":73,"column":10},"end":{"line":73,"column":76}},"line":73},"5":{"name":"(anonymous_5)","decl":{"start":{"line":77,"column":8},"end":{"line":77,"column":9}},"loc":{"start":{"line":78,"column":10},"end":{"line":78,"column":76}},"line":78},"6":{"name":"(anonymous_6)","decl":{"start":{"line":82,"column":8},"end":{"line":82,"column":9}},"loc":{"start":{"line":82,"column":18},"end":{"line":82,"column":53}},"line":82},"7":{"name":"(anonymous_7)","decl":{"start":{"line":86,"column":8},"end":{"line":86,"column":9}},"loc":{"start":{"line":86,"column":18},"end":{"line":86,"column":53}},"line":86},"8":{"name":"(anonymous_8)","decl":{"start":{"line":90,"column":8},"end":{"line":90,"column":9}},"loc":{"start":{"line":90,"column":18},"end":{"line":90,"column":37}},"line":90},"9":{"name":"(anonymous_9)","decl":{"start":{"line":94,"column":8},"end":{"line":94,"column":9}},"loc":{"start":{"line":94,"column":18},"end":{"line":94,"column":37}},"line":94}},"branchMap":{"0":{"loc":{"start":{"line":14,"column":6},"end":{"line":17,"column":7}},"type":"if","locations":[{"start":{"line":14,"column":6},"end":{"line":17,"column":7}},{"start":{"line":14,"column":6},"end":{"line":17,"column":7}}],"line":14},"1":{"loc":{"start":{"line":25,"column":17},"end":{"line":25,"column":49}},"type":"binary-expr","locations":[{"start":{"line":25,"column":17},"end":{"line":25,"column":33}},{"start":{"line":25,"column":37},"end":{"line":25,"column":49}}],"line":25},"2":{"loc":{"start":{"line":26,"column":11},"end":{"line":26,"column":45}},"type":"binary-expr","locations":[{"start":{"line":26,"column":11},"end":{"line":26,"column":17}},{"start":{"line":26,"column":21},"end":{"line":26,"column":45}}],"line":26},"3":{"loc":{"start":{"line":29,"column":4},"end":{"line":34,"column":5}},"type":"if","locations":[{"start":{"line":29,"column":4},"end":{"line":34,"column":5}},{"start":{"line":29,"column":4},"end":{"line":34,"column":5}}],"line":29},"4":{"loc":{"start":{"line":36,"column":6},"end":{"line":40,"column":7}},"type":"if","locations":[{"start":{"line":36,"column":6},"end":{"line":40,"column":7}},{"start":{"line":36,"column":6},"end":{"line":40,"column":7}}],"line":36},"5":{"loc":{"start":{"line":54,"column":4},"end":{"line":96,"column":5}},"type":"if","locations":[{"start":{"line":54,"column":4},"end":{"line":96,"column":5}},{"start":{"line":54,"column":4},"end":{"line":96,"column":5}}],"line":54},"6":{"loc":{"start":{"line":56,"column":19},"end":{"line":56,"column":39}},"type":"cond-expr","locations":[{"start":{"line":56,"column":33},"end":{"line":56,"column":34}},{"start":{"line":56,"column":37},"end":{"line":56,"column":39}}],"line":56},"7":{"loc":{"start":{"line":58,"column":11},"end":{"line":96,"column":5}},"type":"if","locations":[{"start":{"line":58,"column":11},"end":{"line":96,"column":5}},{"start":{"line":58,"column":11},"end":{"line":96,"column":5}}],"line":58},"8":{"loc":{"start":{"line":60,"column":19},"end":{"line":60,"column":39}},"type":"cond-expr","locations":[{"start":{"line":60,"column":33},"end":{"line":60,"column":34}},{"start":{"line":60,"column":37},"end":{"line":60,"column":39}}],"line":60},"9":{"loc":{"start":{"line":62,"column":11},"end":{"line":96,"column":5}},"type":"if","locations":[{"start":{"line":62,"column":11},"end":{"line":96,"column":5}},{"start":{"line":62,"column":11},"end":{"line":96,"column":5}}],"line":62},"10":{"loc":{"start":{"line":64,"column":19},"end":{"line":64,"column":71}},"type":"cond-expr","locations":[{"start":{"line":64,"column":65},"end":{"line":64,"column":66}},{"start":{"line":64,"column":69},"end":{"line":64,"column":71}}],"line":64},"11":{"loc":{"start":{"line":66,"column":11},"end":{"line":96,"column":5}},"type":"if","locations":[{"start":{"line":66,"column":11},"end":{"line":96,"column":5}},{"start":{"line":66,"column":11},"end":{"line":96,"column":5}}],"line":66},"12":{"loc":{"start":{"line":68,"column":19},"end":{"line":68,"column":71}},"type":"cond-expr","locations":[{"start":{"line":68,"column":65},"end":{"line":68,"column":66}},{"start":{"line":68,"column":69},"end":{"line":68,"column":71}}],"line":68},"13":{"loc":{"start":{"line":70,"column":11},"end":{"line":96,"column":5}},"type":"if","locations":[{"start":{"line":70,"column":11},"end":{"line":96,"column":5}},{"start":{"line":70,"column":11},"end":{"line":96,"column":5}}],"line":70},"14":{"loc":{"start":{"line":73,"column":10},"end":{"line":73,"column":76}},"type":"cond-expr","locations":[{"start":{"line":73,"column":70},"end":{"line":73,"column":71}},{"start":{"line":73,"column":74},"end":{"line":73,"column":76}}],"line":73},"15":{"loc":{"start":{"line":75,"column":11},"end":{"line":96,"column":5}},"type":"if","locations":[{"start":{"line":75,"column":11},"end":{"line":96,"column":5}},{"start":{"line":75,"column":11},"end":{"line":96,"column":5}}],"line":75},"16":{"loc":{"start":{"line":78,"column":10},"end":{"line":78,"column":76}},"type":"cond-expr","locations":[{"start":{"line":78,"column":70},"end":{"line":78,"column":71}},{"start":{"line":78,"column":74},"end":{"line":78,"column":76}}],"line":78},"17":{"loc":{"start":{"line":80,"column":11},"end":{"line":96,"column":5}},"type":"if","locations":[{"start":{"line":80,"column":11},"end":{"line":96,"column":5}},{"start":{"line":80,"column":11},"end":{"line":96,"column":5}}],"line":80},"18":{"loc":{"start":{"line":84,"column":11},"end":{"line":96,"column":5}},"type":"if","locations":[{"start":{"line":84,"column":11},"end":{"line":96,"column":5}},{"start":{"line":84,"column":11},"end":{"line":96,"column":5}}],"line":84},"19":{"loc":{"start":{"line":88,"column":11},"end":{"line":96,"column":5}},"type":"if","locations":[{"start":{"line":88,"column":11},"end":{"line":96,"column":5}},{"start":{"line":88,"column":11},"end":{"line":96,"column":5}}],"line":88},"20":{"loc":{"start":{"line":92,"column":11},"end":{"line":96,"column":5}},"type":"if","locations":[{"start":{"line":92,"column":11},"end":{"line":96,"column":5}},{"start":{"line":92,"column":11},"end":{"line":96,"column":5}}],"line":92}},"s":{"0":0,"1":0,"2":0,"3":0,"4":0,"5":0,"6":0,"7":0,"8":0,"9":0,"10":0,"11":0,"12":0,"13":0,"14":0,"15":0,"16":0,"17":0,"18":0,"19":0,"20":0,"21":0,"22":0,"23":1,"24":1,"25":0,"26":0,"27":0,"28":0,"29":0,"30":0,"31":0,"32":0,"33":0,"34":0,"35":0,"36":0,"37":0,"38":0,"39":0,"40":0,"41":0,"42":0,"43":0,"44":0,"45":0,"46":0,"47":0,"48":0,"49":0,"50":0,"51":0,"52":0,"53":0,"54":0,"55":0},"f":{"0":0,"1":0,"2":0,"3":0,"4":0,"5":0,"6":0,"7":0,"8":0,"9":0},"b":{"0":[0,0],"1":[0,0],"2":[0,0],"3":[0,0],"4":[0,0],"5":[0,0],"6":[0,0],"7":[0,0],"8":[0,0],"9":[0,0],"10":[0,0],"11":[0,0],"12":[0,0],"13":[0,0],"14":[0,0],"15":[0,0],"16":[0,0],"17":[0,0],"18":[0,0],"19":[0,0],"20":[0,0]},"_coverageSchema":"332fd63041d2c1bcb487cc26dd0d5f7d97098a6c","hash":"0822f5a10e164f8d35fea6d79bcf6d41d96aacdb"}
,"D:\\Web Projects\\BriteCore\\payment-data-table\\payment-data-table\\src\\store\\store.js": {"path":"D:\\Web Projects\\BriteCore\\payment-data-table\\payment-data-table\\src\\store\\store.js","statementMap":{"0":{"start":{"line":1,"column":0},"end":{"line":null,"column":-1}},"1":{"start":{"line":2,"column":0},"end":{"line":null,"column":-1}},"2":{"start":{"line":3,"column":0},"end":{"line":null,"column":-1}},"3":{"start":{"line":4,"column":0},"end":{"line":null,"column":-1}},"4":{"start":{"line":5,"column":0},"end":{"line":null,"column":-1}},"5":{"start":{"line":7,"column":0},"end":{"line":null,"column":-1}},"6":{"start":{"line":9,"column":18},"end":{"line":9,"column":7}}},"fnMap":{},"branchMap":{},"s":{"0":0,"1":0,"2":0,"3":0,"4":0,"5":0,"6":0},"f":{},"b":{}}
,"D:\\Web Projects\\BriteCore\\payment-data-table\\payment-data-table\\src\\view\\home.vue": {"path":"D:\\Web Projects\\BriteCore\\payment-data-table\\payment-data-table\\src\\view\\home.vue","statementMap":{"0":{"start":{"line":12,"column":0},"end":{"line":null,"column":-1}},"1":{"start":{"line":13,"column":0},"end":{"line":null,"column":-1}},"2":{"start":{"line":14,"column":0},"end":{"line":null,"column":-1}},"3":{"start":{"line":15,"column":0},"end":{"line":null,"column":-1}}},"fnMap":{},"branchMap":{},"s":{"0":1,"1":1,"2":1,"3":1},"f":{},"b":{}}
,"D:\\Web Projects\\BriteCore\\payment-data-table\\payment-data-table\\tests\\unit\\.eslintrc.js": {"path":"D:\\Web Projects\\BriteCore\\payment-data-table\\payment-data-table\\tests\\unit\\.eslintrc.js","statementMap":{"0":{"start":{"line":1,"column":0},"end":{"line":null,"column":-1}}},"fnMap":{},"branchMap":{},"s":{"0":0},"f":{},"b":{}}
}
