TN:
SF:D:\Web Projects\BriteCore\payment-data-table\payment-data-table\.eslintrc.js
FNF:0
FNH:0
DA:1,0
LF:1
LH:0
BRDA:11,0,0,0
BRDA:11,0,1,0
BRDA:12,1,0,0
BRDA:12,1,1,0
BRF:4
BRH:0
end_of_record
TN:
SF:D:\Web Projects\BriteCore\payment-data-table\payment-data-table\babel.config.js
FNF:0
FNH:0
DA:1,0
LF:1
LH:0
BRF:0
BRH:0
end_of_record
TN:
SF:D:\Web Projects\BriteCore\payment-data-table\payment-data-table\jest.config.js
FNF:0
FNH:0
DA:1,0
LF:1
LH:0
BRF:0
BRH:0
end_of_record
TN:
SF:D:\Web Projects\BriteCore\payment-data-table\payment-data-table\postcss.config.js
FNF:0
FNH:0
DA:1,0
LF:1
LH:0
BRF:0
BRH:0
end_of_record
TN:
SF:D:\Web Projects\BriteCore\payment-data-table\payment-data-table\src\App.vue
FNF:0
FNH:0
DA:13,0
DA:14,0
LF:2
LH:0
BRF:0
BRH:0
end_of_record
TN:
SF:D:\Web Projects\BriteCore\payment-data-table\payment-data-table\src\main.js
FN:20,render
FNF:1
FNH:0
FNDA:0,render
DA:1,0
DA:2,0
DA:3,0
DA:4,0
DA:5,0
DA:6,0
DA:14,0
DA:19,0
DA:20,0
LF:9
LH:0
BRF:0
BRH:0
end_of_record
TN:
SF:D:\Web Projects\BriteCore\payment-data-table\payment-data-table\src\routes.js
FNF:0
FNH:0
DA:1,0
DA:2,0
LF:2
LH:0
BRF:0
BRH:0
end_of_record
TN:
SF:D:\Web Projects\BriteCore\payment-data-table\payment-data-table\src\components\filter.vue
FN:18,get
FN:21,set
FNF:2
FNH:0
FNDA:0,get
FNDA:0,set
DA:19,0
DA:22,0
LF:2
LH:0
BRF:0
BRH:0
end_of_record
TN:
SF:D:\Web Projects\BriteCore\payment-data-table\payment-data-table\src\components\popup.vue
FN:27,EditData
FN:32,confirmForm
FN:36,closeForm
FN:41,submitForm
FN:48,hideVerify
FNF:5
FNH:0
FNDA:0,EditData
FNDA:0,confirmForm
FNDA:0,closeForm
FNDA:0,submitForm
FNDA:0,hideVerify
DA:28,0
DA:33,0
DA:34,0
DA:37,0
DA:38,0
DA:39,0
DA:42,0
DA:43,0
DA:44,0
DA:45,0
DA:46,0
DA:49,0
DA:50,0
LF:13
LH:0
BRF:0
BRH:0
end_of_record
TN:
SF:D:\Web Projects\BriteCore\payment-data-table\payment-data-table\src\components\search.vue
FN:14,get
FN:17,set
FNF:2
FNH:0
FNDA:0,get
FNDA:0,set
DA:15,0
DA:18,0
LF:2
LH:0
BRF:0
BRH:0
end_of_record
TN:
SF:D:\Web Projects\BriteCore\payment-data-table\payment-data-table\src\components\sort.vue
FN:18,get
FN:21,set
FN:25,sortOptions
FN:29,mounted
FNF:4
FNH:0
FNDA:0,get
FNDA:0,set
FNDA:0,sortOptions
FNDA:0,mounted
DA:19,0
DA:22,0
DA:26,0
DA:30,0
LF:4
LH:0
BRF:0
BRH:0
end_of_record
TN:
SF:D:\Web Projects\BriteCore\payment-data-table\payment-data-table\src\components\table.vue
FN:61,sorted
FN:64,PaymentsData
FN:67,HeaderData
FN:72,updateSorted
FN:118,updateSearch
FN:121,getData
FN:126,created
FNF:7
FNH:0
FNDA:0,sorted
FNDA:0,PaymentsData
FNDA:0,HeaderData
FNDA:0,updateSorted
FNDA:0,updateSearch
FNDA:0,getData
FNDA:0,created
DA:44,2
DA:45,2
DA:62,0
DA:65,0
DA:68,0
DA:73,0
DA:74,0
DA:75,0
DA:76,0
DA:77,0
DA:78,0
DA:79,0
DA:80,0
DA:81,0
DA:82,0
DA:83,0
DA:84,0
DA:85,0
DA:86,0
DA:87,0
DA:88,0
DA:89,0
DA:90,0
DA:91,0
DA:92,0
DA:93,0
DA:94,0
DA:95,0
DA:96,0
DA:97,0
DA:98,0
DA:99,0
DA:100,0
DA:101,0
DA:102,0
DA:103,0
DA:104,0
DA:105,0
DA:106,0
DA:107,0
DA:108,0
DA:109,0
DA:110,0
DA:111,0
DA:112,0
DA:113,0
DA:114,0
DA:115,0
DA:119,0
DA:122,0
DA:123,0
DA:127,0
LF:52
LH:2
BRDA:76,0,0,0
BRDA:76,0,1,0
BRDA:76,1,0,0
BRDA:76,1,1,0
BRDA:80,2,0,0
BRDA:80,2,1,0
BRDA:84,3,0,0
BRDA:84,3,1,0
BRDA:84,4,0,0
BRDA:84,4,1,0
BRDA:88,5,0,0
BRDA:88,5,1,0
BRDA:92,6,0,0
BRDA:92,6,1,0
BRDA:92,7,0,0
BRDA:92,7,1,0
BRDA:96,8,0,0
BRDA:96,8,1,0
BRDA:100,9,0,0
BRDA:100,9,1,0
BRDA:100,10,0,0
BRDA:100,10,1,0
BRDA:104,11,0,0
BRDA:104,11,1,0
BRDA:108,12,0,0
BRDA:108,12,1,0
BRDA:108,13,0,0
BRDA:108,13,1,0
BRDA:112,14,0,0
BRDA:112,14,1,0
BRF:30
BRH:0
end_of_record
TN:
SF:D:\Web Projects\BriteCore\payment-data-table\payment-data-table\src\plugins\axios.js
FN:20,(anonymous_1)
FN:24,(anonymous_2)
FN:32,(anonymous_3)
FN:36,(anonymous_4)
FN:42,(anonymous_5)
FN:46,get
FN:51,get
FNF:7
FNH:0
FNDA:0,(anonymous_1)
FNDA:0,(anonymous_2)
FNDA:0,(anonymous_3)
FNDA:0,(anonymous_4)
FNDA:0,(anonymous_5)
FNDA:0,get
FNDA:0,get
DA:3,0
DA:4,0
DA:11,0
DA:17,0
DA:22,0
DA:26,0
DA:31,0
DA:34,0
DA:38,0
DA:42,0
DA:43,0
DA:44,0
DA:45,0
DA:48,0
DA:53,0
DA:59,0
LF:16
LH:0
BRF:0
BRH:0
end_of_record
TN:
SF:D:\Web Projects\BriteCore\payment-data-table\payment-data-table\src\plugins\vuetify.js
FNF:0
FNH:0
DA:1,0
DA:2,0
DA:3,0
DA:5,0
LF:4
LH:0
BRF:0
BRH:0
end_of_record
TN:
SF:D:\Web Projects\BriteCore\payment-data-table\payment-data-table\src\store\actions.js
FN:3,loadPaymentsData
FN:7,(anonymous_2)
FN:10,(anonymous_3)
FNF:3
FNH:0
FNDA:0,loadPaymentsData
FNDA:0,(anonymous_2)
FNDA:0,(anonymous_3)
DA:1,0
DA:5,0
DA:8,0
DA:10,0
LF:4
LH:0
BRF:0
BRH:0
end_of_record
TN:
SF:D:\Web Projects\BriteCore\payment-data-table\payment-data-table\src\store\getters.js
FN:2,searchedData
FN:17,(anonymous_1)
FN:22,(anonymous_2)
FN:27,(anonymous_3)
FN:32,(anonymous_4)
FN:37,(anonymous_5)
FN:43,oldestData
FN:45,(anonymous_7)
FN:51,newestData
FN:53,(anonymous_9)
FN:59,lowestData
FN:60,(anonymous_11)
FN:65,highestData
FN:66,(anonymous_13)
FN:71,totalData
FN:74,(anonymous_15)
FNF:16
FNH:0
FNDA:0,searchedData
FNDA:0,(anonymous_1)
FNDA:0,(anonymous_2)
FNDA:0,(anonymous_3)
FNDA:0,(anonymous_4)
FNDA:0,(anonymous_5)
FNDA:0,oldestData
FNDA:0,(anonymous_7)
FNDA:0,newestData
FNDA:0,(anonymous_9)
FNDA:0,lowestData
FNDA:0,(anonymous_11)
FNDA:0,highestData
FNDA:0,(anonymous_13)
FNDA:0,totalData
FNDA:0,(anonymous_15)
DA:3,0
DA:4,0
DA:5,0
DA:6,0
DA:12,0
DA:13,0
DA:14,0
DA:16,0
DA:17,0
DA:18,0
DA:19,0
DA:21,0
DA:22,0
DA:23,0
DA:24,0
DA:26,0
DA:27,0
DA:28,0
DA:29,0
DA:31,0
DA:32,0
DA:33,0
DA:34,0
DA:36,0
DA:37,0
DA:38,0
DA:39,0
DA:44,0
DA:45,0
DA:47,0
DA:48,0
DA:49,0
DA:52,0
DA:53,0
DA:55,0
DA:56,0
DA:57,0
DA:60,0
DA:61,0
DA:62,0
DA:63,0
DA:66,0
DA:67,0
DA:68,0
DA:69,0
DA:72,0
DA:73,0
DA:74,0
DA:77,0
LF:49
LH:0
BRDA:16,0,0,0
BRDA:16,0,1,0
BRDA:19,1,0,0
BRDA:19,1,1,0
BRDA:21,2,0,0
BRDA:21,2,1,0
BRDA:26,3,0,0
BRDA:26,3,1,0
BRDA:31,4,0,0
BRDA:31,4,1,0
BRDA:36,5,0,0
BRDA:36,5,1,0
BRF:12
BRH:0
end_of_record
TN:
SF:D:\Web Projects\BriteCore\payment-data-table\payment-data-table\src\store\mutations.js
FN:56,(anonymous_0)
FN:60,(anonymous_1)
FN:64,(anonymous_2)
FN:68,(anonymous_3)
FN:72,(anonymous_4)
FN:77,(anonymous_5)
FN:82,(anonymous_6)
FN:86,(anonymous_7)
FN:90,(anonymous_8)
FN:94,(anonymous_9)
FNF:10
FNH:0
FNDA:0,(anonymous_0)
FNDA:0,(anonymous_1)
FNDA:0,(anonymous_2)
FNDA:0,(anonymous_3)
FNDA:0,(anonymous_4)
FNDA:0,(anonymous_5)
FNDA:0,(anonymous_6)
FNDA:0,(anonymous_7)
FNDA:0,(anonymous_8)
FNDA:0,(anonymous_9)
DA:5,0
DA:8,0
DA:9,0
DA:11,0
DA:12,0
DA:13,0
DA:14,0
DA:15,0
DA:16,0
DA:19,0
DA:20,0
DA:24,0
DA:25,0
DA:26,0
DA:27,0
DA:29,0
DA:30,0
DA:31,0
DA:32,0
DA:35,0
DA:36,0
DA:37,0
DA:39,0
DA:45,1
DA:49,1
DA:53,0
DA:54,0
DA:55,0
DA:56,0
DA:58,0
DA:59,0
DA:60,0
DA:62,0
DA:63,0
DA:64,0
DA:66,0
DA:67,0
DA:68,0
DA:70,0
DA:71,0
DA:73,0
DA:75,0
DA:76,0
DA:78,0
DA:80,0
DA:81,0
DA:82,0
DA:84,0
DA:85,0
DA:86,0
DA:88,0
DA:89,0
DA:90,0
DA:92,0
DA:93,0
DA:94,0
LF:56
LH:2
BRDA:14,0,0,0
BRDA:14,0,1,0
BRDA:25,1,0,0
BRDA:25,1,1,0
BRDA:26,2,0,0
BRDA:26,2,1,0
BRDA:29,3,0,0
BRDA:29,3,1,0
BRDA:36,4,0,0
BRDA:36,4,1,0
BRDA:54,5,0,0
BRDA:54,5,1,0
BRDA:56,6,0,0
BRDA:56,6,1,0
BRDA:58,7,0,0
BRDA:58,7,1,0
BRDA:60,8,0,0
BRDA:60,8,1,0
BRDA:62,9,0,0
BRDA:62,9,1,0
BRDA:64,10,0,0
BRDA:64,10,1,0
BRDA:66,11,0,0
BRDA:66,11,1,0
BRDA:68,12,0,0
BRDA:68,12,1,0
BRDA:70,13,0,0
BRDA:70,13,1,0
BRDA:73,14,0,0
BRDA:73,14,1,0
BRDA:75,15,0,0
BRDA:75,15,1,0
BRDA:78,16,0,0
BRDA:78,16,1,0
BRDA:80,17,0,0
BRDA:80,17,1,0
BRDA:84,18,0,0
BRDA:84,18,1,0
BRDA:88,19,0,0
BRDA:88,19,1,0
BRDA:92,20,0,0
BRDA:92,20,1,0
BRF:42
BRH:0
end_of_record
TN:
SF:D:\Web Projects\BriteCore\payment-data-table\payment-data-table\src\store\store.js
FNF:0
FNH:0
DA:1,0
DA:2,0
DA:3,0
DA:4,0
DA:5,0
DA:7,0
DA:9,0
LF:7
LH:0
BRF:0
BRH:0
end_of_record
TN:
SF:D:\Web Projects\BriteCore\payment-data-table\payment-data-table\src\view\home.vue
FNF:0
FNH:0
DA:12,1
DA:13,1
DA:14,1
DA:15,1
LF:4
LH:4
BRF:0
BRH:0
end_of_record
TN:
SF:D:\Web Projects\BriteCore\payment-data-table\payment-data-table\tests\unit\.eslintrc.js
FNF:0
FNH:0
DA:1,0
LF:1
LH:0
BRF:0
BRH:0
end_of_record
